\BOOKMARK [1][-]{section.1}{\376\377\000I\000n\000t\000r\000o\000d\000u\000c\000t\000i\000o\000n}{}% 1
\BOOKMARK [2][-]{subsection.1.1}{\376\377\000C\000o\000r\000e\000s}{section.1}% 2
\BOOKMARK [1][-]{section.2}{\376\377\000N\000o\000n\000-\000H\000o\000m\000o\000m\000o\000r\000p\000h\000i\000s\000m\000\040\000F\000a\000c\000t\000o\000r\000s}{}% 3
\BOOKMARK [2][-]{subsection.2.1}{\376\377\000C\000o\000m\000p\000l\000e\000t\000e\000\040\000G\000r\000a\000p\000h\000s\000\040\000a\000n\000d\000\040\000T\000u\000r\000\341\000n\000'\000s\000\040\000T\000h\000e\000o\000r\000e\000m}{section.2}% 4
\BOOKMARK [2][-]{subsection.2.2}{\376\377\000A\000\040\000G\000e\000n\000e\000r\000a\000l\000\040\000L\000o\000w\000e\000r\000\040\000B\000o\000u\000n\000d}{section.2}% 5
\BOOKMARK [2][-]{subsection.2.3}{\376\377\000C\000y\000c\000l\000e\000s}{section.2}% 6
\BOOKMARK [2][-]{subsection.2.4}{\376\377\000T\000h\000e\000\040\000P\000e\000t\000e\000r\000s\000e\000n\000\040\000G\000r\000a\000p\000h}{section.2}% 7
\BOOKMARK [1][-]{section.3}{\376\377\000T\000h\000e\000\040\000C\000o\000n\000c\000e\000n\000t\000r\000a\000t\000i\000o\000n\000\040\000P\000a\000r\000a\000m\000e\000t\000e\000r}{}% 8
\BOOKMARK [2][-]{subsection.3.1}{\376\377\000C\000o\000n\000c\000e\000n\000t\000r\000a\000t\000i\000o\000n\000\040\000f\000o\000r\000\040\000R\000e\000g\000u\000l\000a\000r\000\040\000G\000r\000a\000p\000h\000s}{section.3}% 9
\BOOKMARK [1][-]{section.4}{\376\377\000T\000h\000e\000\040\000S\000y\000m\000m\000e\000t\000r\000i\000c\000\040\000C\000o\000m\000b\000i\000n\000a\000t\000i\000o\000n\000\040\000m\000\050\000G\000,\000H\000\051}{}% 10
\BOOKMARK [1][-]{section.5}{\376\377\000C\000o\000m\000p\000u\000t\000a\000t\000i\000o\000n\000a\000l\000\040\000R\000e\000s\000u\000l\000t\000s}{}% 11
\BOOKMARK [2][-]{subsection.5.1}{\376\377\000C\000y\000c\000l\000e\000s\000\040\000t\000o\000\040\000K\0003}{section.5}% 12
\BOOKMARK [2][-]{subsection.5.2}{\376\377\000C\000o\000m\000p\000l\000e\000t\000e\000\040\000B\000i\000p\000a\000r\000t\000i\000t\000e\000\040\000G\000r\000a\000p\000h\000s\000\040\000t\000o\000\040\000K\0003}{section.5}% 13
\BOOKMARK [2][-]{subsection.5.3}{\376\377\000T\000h\000e\000\040\000P\000e\000t\000e\000r\000s\000e\000n\000\040\000G\000r\000a\000p\000h}{section.5}% 14
\BOOKMARK [2][-]{subsection.5.4}{\376\377\000L\000e\000m\000m\000a\000\040\000V\000e\000r\000i\000f\000i\000c\000a\000t\000i\000o\000n}{section.5}% 15
\BOOKMARK [1][-]{section.6}{\376\377\000E\000x\000t\000e\000n\000d\000e\000d\000\040\000C\000o\000m\000p\000u\000t\000a\000t\000i\000o\000n\000a\000l\000\040\000R\000e\000s\000u\000l\000t\000s}{}% 16
\BOOKMARK [2][-]{subsection.6.1}{\376\377\000I\000r\000r\000e\000g\000u\000l\000a\000r\000\040\000S\000o\000u\000r\000c\000e\000\040\000G\000r\000a\000p\000h\000s}{section.6}% 17
\BOOKMARK [2][-]{subsection.6.2}{\376\377\000N\000o\000n\000-\000C\000o\000m\000p\000l\000e\000t\000e\000\040\000T\000a\000r\000g\000e\000t\000\040\000G\000r\000a\000p\000h\000s}{section.6}% 18
\BOOKMARK [2][-]{subsection.6.3}{\376\377\000K\000n\000e\000s\000e\000r\000\040\000G\000r\000a\000p\000h\000s}{section.6}% 19
\BOOKMARK [2][-]{subsection.6.4}{\376\377\000E\000x\000t\000e\000n\000d\000e\000d\000\040\000L\000e\000m\000m\000a\000\040\000V\000e\000r\000i\000f\000i\000c\000a\000t\000i\000o\000n}{section.6}% 20
\BOOKMARK [1][-]{section.7}{\376\377\000O\000p\000e\000n\000\040\000Q\000u\000e\000s\000t\000i\000o\000n\000s}{}% 21
